<?xml version="1.0" encoding="UTF-8"?>
<!-- Generated by org.testng.reporters.JUnitXMLReporter -->
<testsuite hostname="DESKTOP-J7V7KI8" name="Test" tests="6" failures="4" timestamp="1 Apr 2022 03:59:11 GMT" time="0.029" errors="0">
  <testcase name="tc1" time="0.006" classname="org.com.Demo2"/>
  <testcase name="tc2" time="0.003" classname="org.com.Demo2">
    <failure type="java.lang.AssertionError" message="expected [true] but found [false]">
      <![CDATA[java.lang.AssertionError: expected [true] but found [false]
	at org.com.Demo2.tc2(Demo2.java:13)
... Removed 28 stack frames]]>
    </failure>
  </testcase> <!-- tc2 -->
  <testcase name="tc2" time="0.001" classname="org.com.Demo2">
    <failure type="java.lang.AssertionError" message="expected [true] but found [false]">
      <![CDATA[java.lang.AssertionError: expected [true] but found [false]
	at org.com.Demo2.tc2(Demo2.java:13)
... Removed 28 stack frames]]>
    </failure>
  </testcase> <!-- tc2 -->
  <testcase name="tc2" time="0.0" classname="org.com.Demo2">
    <failure type="java.lang.AssertionError" message="expected [true] but found [false]">
      <![CDATA[java.lang.AssertionError: expected [true] but found [false]
	at org.com.Demo2.tc2(Demo2.java:13)
... Removed 28 stack frames]]>
    </failure>
  </testcase> <!-- tc2 -->
  <testcase name="tc2" time="0.0" classname="org.com.Demo2">
    <failure type="java.lang.AssertionError" message="expected [true] but found [false]">
      <![CDATA[java.lang.AssertionError: expected [true] but found [false]
	at org.com.Demo2.tc2(Demo2.java:13)
... Removed 28 stack frames]]>
    </failure>
  </testcase> <!-- tc2 -->
  <testcase name="tc3" time="0.001" classname="org.com.Demo2"/>
</testsuite> <!-- Test -->
