<?xml version="1.0" encoding="UTF-8"?>
<!-- Generated by org.testng.reporters.JUnitXMLReporter -->
<testsuite hostname="DESKTOP-J7V7KI8" name="Default test" tests="7" failures="0" timestamp="30 Mar 2022 17:55:34 GMT" time="0.076" errors="0">
  <testcase name="tc4" time="0.006" classname="org.com.SampleInvocationCount"/>
  <testcase name="tc3" time="0.016" classname="org.com.SampleInvocationCount"/>
  <testcase name="tc3" time="0.0" classname="org.com.SampleInvocationCount"/>
  <testcase name="tc3" time="0.0" classname="org.com.SampleInvocationCount"/>
  <testcase name="tc2" time="0.0" classname="org.com.SampleInvocationCount"/>
  <testcase name="tc5" time="0.0" classname="org.com.SampleInvocationCount"/>
  <testcase name="tc1" time="0.0" classname="org.com.SampleInvocationCount"/>
</testsuite> <!-- Default test -->
