<?xml version="1.0" encoding="UTF-8"?>
<testng-results skipped="0" failed="0" total="7" passed="7">
  <reporter-output>
  </reporter-output>
  <suite name="Default suite" duration-ms="76" started-at="2022-03-30T17:55:33Z" finished-at="2022-03-30T17:55:34Z">
    <groups>
    </groups>
    <test name="Default test" duration-ms="76" started-at="2022-03-30T17:55:33Z" finished-at="2022-03-30T17:55:34Z">
      <class name="org.com.SampleInvocationCount">
        <test-method status="PASS" signature="tc4()[pri:0, instance:org.com.SampleInvocationCount@e580929]" name="tc4" duration-ms="6" started-at="2022-03-30T23:25:33Z" finished-at="2022-03-30T23:25:33Z">
          <reporter-output>
          </reporter-output>
        </test-method> <!-- tc4 -->
        <test-method status="PASS" signature="tc3()[pri:0, instance:org.com.SampleInvocationCount@e580929]" name="tc3" duration-ms="16" started-at="2022-03-30T23:25:33Z" finished-at="2022-03-30T23:25:33Z">
          <reporter-output>
          </reporter-output>
        </test-method> <!-- tc3 -->
        <test-method status="PASS" signature="tc5()[pri:0, instance:org.com.SampleInvocationCount@e580929]" name="tc5" duration-ms="0" started-at="2022-03-30T23:25:33Z" finished-at="2022-03-30T23:25:33Z">
          <reporter-output>
          </reporter-output>
        </test-method> <!-- tc5 -->
        <test-method status="PASS" signature="tc3()[pri:0, instance:org.com.SampleInvocationCount@e580929]" name="tc3" duration-ms="0" started-at="2022-03-30T23:25:33Z" finished-at="2022-03-30T23:25:33Z">
          <reporter-output>
          </reporter-output>
        </test-method> <!-- tc3 -->
        <test-method status="PASS" signature="tc3()[pri:0, instance:org.com.SampleInvocationCount@e580929]" name="tc3" duration-ms="0" started-at="2022-03-30T23:25:33Z" finished-at="2022-03-30T23:25:33Z">
          <reporter-output>
          </reporter-output>
        </test-method> <!-- tc3 -->
        <test-method status="PASS" signature="tc2()[pri:0, instance:org.com.SampleInvocationCount@e580929]" name="tc2" duration-ms="0" started-at="2022-03-30T23:25:33Z" finished-at="2022-03-30T23:25:33Z">
          <reporter-output>
          </reporter-output>
        </test-method> <!-- tc2 -->
        <test-method status="PASS" signature="tc1()[pri:0, instance:org.com.SampleInvocationCount@e580929]" name="tc1" duration-ms="0" started-at="2022-03-30T23:25:33Z" finished-at="2022-03-30T23:25:33Z">
          <reporter-output>
          </reporter-output>
        </test-method> <!-- tc1 -->
      </class> <!-- org.com.SampleInvocationCount -->
    </test> <!-- Default test -->
  </suite> <!-- Default suite -->
</testng-results>
